#
# There is insufficient memory for the Java Runtime Environment to continue.
# Native memory allocation (malloc) failed to allocate 32744 bytes for ChunkPool::allocate
# Possible reasons:
#   The system is out of physical RAM or swap space
#   The process is running with CompressedOops enabled, and the Java Heap may be blocking the growth of the native heap
# Possible solutions:
#   Reduce memory load on the system
#   Increase physical memory or swap space
#   Check if swap backing store is full
#   Decrease Java heap size (-Xmx/-Xms)
#   Decrease number of Java threads
#   Decrease Java thread stack sizes (-Xss)
#   Set larger code cache with -XX:ReservedCodeCacheSize=
#   JVM is running with Unscaled Compressed Oops mode in which the Java heap is
#     placed in the first 4GB address space. The Java Heap base address is the
#     maximum limit for the native heap growth. Please use -XX:HeapBaseMinAddress
#     to set the Java Heap base and to place the Java Heap above 4GB virtual address.
# This output file may be truncated or incomplete.
#
#  Out of Memory Error (t:/workspace/hotspot/src/share/vm/memory/allocation.cpp:256), pid=5436, tid=3268
#
# JRE version: Java(TM) SE Runtime Environment (9.0+11) (build 9.0.4+11)
# Java VM: Java HotSpot(TM) 64-Bit Server VM (9.0.4+11, mixed mode, tiered, compressed oops, g1 gc, windows-amd64)
# No core dump will be written. Minidumps are not enabled by default on client versions of Windows
#

---------------  S U M M A R Y ------------

Command Line: -XX:TieredStopAtLevel=1 -Xverify:none -Dspring.output.ansi.enabled=always -Dcom.sun.management.jmxremote -Dcom.sun.management.jmxremote.port=51229 -Dcom.sun.management.jmxremote.authenticate=false -Dcom.sun.management.jmxremote.ssl=false -Djava.rmi.server.hostname=localhost -Dspring.liveBeansView.mbeanDomain -Dspring.application.admin.enabled=true -javaagent:H:\Programs\IntelliJ IDEA 2018.2.4\lib\idea_rt.jar=51230:H:\Programs\IntelliJ IDEA 2018.2.4\bin -Dfile.encoding=UTF-8 --module-path=C:\Users\PawelJastrzebski\Desktop\Chat\back-end\AppUpdate\SpringChat\springChat\target\classes;C:\Users\PawelJastrzebski\Desktop\Chat\back-end\AppUpdate\SpringChat\authenticateService\target\classes;C:\Users\PawelJastrzebski\Desktop\Chat\back-end\AppUpdate\SpringChat\userRepository\target\classes;C:\Users\PawelJastrzebski\.m2\repository\org\springframework\spring-core\5.0.9.RELEASE\spring-core-5.0.9.RELEASE.jar;C:\Users\PawelJastrzebski\.m2\repository\org\springframework\spring-jcl\5.0.9.RELEASE\spring-jcl-5.0.9.RELEASE.jar;C:\Users\PawelJastrzebski\.m2\repository\org\springframework\boot\spring-boot-starter-web\2.0.5.RELEASE\spring-boot-starter-web-2.0.5.RELEASE.jar;C:\Users\PawelJastrzebski\.m2\repository\org\springframework\boot\spring-boot-starter\2.0.5.RELEASE\spring-boot-starter-2.0.5.RELEASE.jar;C:\Users\PawelJastrzebski\.m2\repository\org\springframework\boot\spring-boot\2.0.5.RELEASE\spring-boot-2.0.5.RELEASE.jar;C:\Users\PawelJastrzebski\.m2\repository\org\springframework\boot\spring-boot-autoconfigure\2.0.5.RELEASE\spring-boot-autoconfigure-2.0.5.RELEASE.jar;C:\Users\PawelJastrzebski\.m2\repository\org\springframework\boot\spring-boot-starter-logging\2.0.5.RELEASE\spring-boot-starter-logging-2.0.5.RELEASE.jar;C:\Users\PawelJastrzebski\.m2\repository\ch\qos\logback\logback-classic\1.2.3\logback-classic-1.2.3.jar;C:\Users\PawelJastrzebski\.m2\repository\ch\qos\logback\logback-core\1.2.3\logback-core-1.2.3.jar;C:\Users\PawelJastrzebski\.m2\repository\org\apache\logging\log4j\log4j-to-slf4j\2.10.0\log4j-to-slf4j-2.10.0.jar;C:\Users\PawelJastrzebski\.m2\repository\org\slf4j\jul-to-slf4j\1.7.25\jul-to-slf4j-1.7.25.jar;C:\Users\PawelJastrzebski\.m2\repository\javax\annotation\javax.annotation-api\1.3.2\javax.annotation-api-1.3.2.jar;C:\Users\PawelJastrzebski\.m2\repository\org\yaml\snakeyaml\1.19\snakeyaml-1.19.jar;C:\Users\PawelJastrzebski\.m2\repository\org\springframework\boot\spring-boot-starter-json\2.0.5.RELEASE\spring-boot-starter-json-2.0.-Djdk.module.main=chat chat/com.springChat.ChatApplication

Host: AMD FX(tm)-6100 Six-Core Processor             , 6 cores, 7G,  Windows 10 , 64 bit Build 14393 (10.0.14393.2189)
Time: Wed Oct 24 22:41:36 2018 Central European Daylight Time elapsed time: 2 seconds (0d 0h 0m 2s)

---------------  T H R E A D  ---------------

Current thread (0x000001bda34c1000):  JavaThread "C1 CompilerThread2" daemon [_thread_in_native, id=3268, stack(0x00000062dee00000,0x00000062def00000)]


Current CompileTask:
C1:   2573 2569       1       com.sun.org.apache.xerces.internal.impl.XMLEntityScanner::checkLimit (253 bytes)

Stack: [0x00000062dee00000,0x00000062def00000]
Native frames: (J=compiled Java code, j=interpreted, Vv=VM code, C=native code)
V  [jvm.dll+0x587068]
V  [jvm.dll+0x69c25e]
V  [jvm.dll+0x69d17a]
V  [jvm.dll+0x69d7b3]
V  [jvm.dll+0x21d198]
V  [jvm.dll+0xa802d]
V  [jvm.dll+0xa7afa]
V  [jvm.dll+0xa83ec]
V  [jvm.dll+0x13c5fa]
V  [jvm.dll+0x132cfe]
V  [jvm.dll+0x11f860]
V  [jvm.dll+0x108110]
V  [jvm.dll+0x107c99]
V  [jvm.dll+0x107e03]
V  [jvm.dll+0x107173]
V  [jvm.dll+0x108ca7]
V  [jvm.dll+0x1f6570]
V  [jvm.dll+0x1f51f6]
V  [jvm.dll+0x66b44f]
V  [jvm.dll+0x586490]
C  [msvcr120.dll+0x24f7f]
C  [msvcr120.dll+0x25126]
C  [KERNEL32.DLL+0x8364]
C  [ntdll.dll+0x67091]


---------------  P R O C E S S  ---------------

Java Threads: ( => current thread )
  0x000001bda3f44000 JavaThread "background-preinit" [_thread_in_Java, id=6684, stack(0x00000062dfb00000,0x00000062dfc00000)]
  0x000001bda3e6e000 JavaThread "RMI Scheduler(0)" daemon [_thread_blocked, id=3644, stack(0x00000062df800000,0x00000062df900000)]
  0x000001bda3e6a800 JavaThread "RMI TCP Connection(2)-127.0.0.1" daemon [_thread_in_native, id=3924, stack(0x00000062df700000,0x00000062df800000)]
  0x000001bda3e58000 JavaThread "RMI TCP Accept-0" daemon [_thread_in_native, id=6668, stack(0x00000062df600000,0x00000062df700000)]
  0x000001bda3ded800 JavaThread "RMI TCP Connection(1)-127.0.0.1" daemon [_thread_in_native, id=8100, stack(0x00000062df500000,0x00000062df600000)]
  0x000001bda3de8000 JavaThread "RMI TCP Accept-51229" daemon [_thread_in_native, id=3428, stack(0x00000062df400000,0x00000062df500000)]
  0x000001bda3ddd000 JavaThread "RMI TCP Accept-0" daemon [_thread_in_native, id=5368, stack(0x00000062df300000,0x00000062df400000)]
  0x000001bda3a39800 JavaThread "Service Thread" daemon [_thread_blocked, id=4848, stack(0x00000062df200000,0x00000062df300000)]
  0x000001bda3a39000 JavaThread "Monitor Ctrl-Break" daemon [_thread_in_native, id=3640, stack(0x00000062df100000,0x00000062df200000)]
  0x000001bda3526800 JavaThread "Common-Cleaner" daemon [_thread_blocked, id=2028, stack(0x00000062df000000,0x00000062df100000)]
  0x000001bda34c9800 JavaThread "Sweeper thread" daemon [_thread_blocked, id=3844, stack(0x00000062def00000,0x00000062df000000)]
=>0x000001bda34c1000 JavaThread "C1 CompilerThread2" daemon [_thread_in_native, id=3268, stack(0x00000062dee00000,0x00000062def00000)]
  0x000001bda3499000 JavaThread "C1 CompilerThread1" daemon [_thread_in_native, id=7080, stack(0x00000062ded00000,0x00000062dee00000)]
  0x000001bda3490000 JavaThread "C1 CompilerThread0" daemon [_thread_in_native, id=6924, stack(0x00000062dec00000,0x00000062ded00000)]
  0x000001bda348f800 JavaThread "Attach Listener" daemon [_thread_blocked, id=3028, stack(0x00000062deb00000,0x00000062dec00000)]
  0x000001bda348e800 JavaThread "Signal Dispatcher" daemon [_thread_blocked, id=3832, stack(0x00000062dea00000,0x00000062deb00000)]
  0x000001bda3444000 JavaThread "Finalizer" daemon [_thread_blocked, id=7376, stack(0x00000062de900000,0x00000062dea00000)]
  0x000001bda343b000 JavaThread "Reference Handler" daemon [_thread_blocked, id=5568, stack(0x00000062de800000,0x00000062de900000)]
  0x000001bdffc2c800 JavaThread "main" [_thread_in_Java, id=7400, stack(0x00000062dd600000,0x00000062dd700000)]

Other Threads:
  0x000001bda3435800 VMThread "VM Thread" [stack: 0x00000062de700000,0x00000062de800000] [id=7488]
  0x000001bda3e7b000 WatcherThread [stack: 0x00000062df900000,0x00000062dfa00000] [id=6896]
  0x000001bdffc43000 GCTaskThread "GC Thread#0" [stack: 0x00000062dd700000,0x00000062dd800000] [id=2848]
  0x000001bdffc45800 GCTaskThread "GC Thread#1" [stack: 0x00000062dd800000,0x00000062dd900000] [id=7208]
  0x000001bdffc47000 GCTaskThread "GC Thread#2" [stack: 0x00000062dd900000,0x00000062dda00000] [id=3448]
  0x000001bdffc4a800 GCTaskThread "GC Thread#3" [stack: 0x00000062dda00000,0x00000062ddb00000] [id=1308]
  0x000001bdffc4c000 GCTaskThread "GC Thread#4" [stack: 0x00000062ddb00000,0x00000062ddc00000] [id=7304]
  0x000001bdffc4d000 GCTaskThread "GC Thread#5" [stack: 0x00000062ddc00000,0x00000062ddd00000] [id=7580]
  0x000001bdffccb000 ConcurrentGCThread "G1 Main Marker" [stack: 0x00000062de400000,0x00000062de500000] [id=1192]
  0x000001bdffccc000 ConcurrentGCThread "G1 Marker#0" [stack: 0x00000062de500000,0x00000062de600000] [id=8144]
  0x000001bdffcce000 ConcurrentGCThread "G1 Marker#1" [stack: 0x00000062de600000,0x00000062de700000] [id=6000]
  0x000001bdffc59000 ConcurrentGCThread "G1 Refine#0" [stack: 0x00000062de200000,0x00000062de300000] [id=2608]
  0x000001bdffc58000 ConcurrentGCThread "G1 Refine#1" [stack: 0x00000062de100000,0x00000062de200000] [id=6364]
  0x000001bdffc55800 ConcurrentGCThread "G1 Refine#2" [stack: 0x00000062de000000,0x00000062de100000] [id=1240]
  0x000001bdffc53000 ConcurrentGCThread "G1 Refine#3" [stack: 0x00000062ddf00000,0x00000062de000000] [id=7280]
  0x000001bdffc52000 ConcurrentGCThread "G1 Refine#4" [stack: 0x00000062dde00000,0x00000062ddf00000] [id=2340]
  0x000001bdffc50800 ConcurrentGCThread "G1 Refine#5" [stack: 0x00000062ddd00000,0x00000062dde00000] [id=7004]
  0x000001bdffc60000 ConcurrentGCThread "G1 Young RemSet Sampling" [stack: 0x00000062de300000,0x00000062de400000] [id=2676]

Threads with active compile tasks:
C1 CompilerThread22569       1       com.sun.org.apache.xerces.internal.impl.XMLEntityScanner::checkLimit (253 bytes)
C1 CompilerThread12615       1       com.sun.org.apache.xerces.internal.util.XMLAttributesImpl::getQName (38 bytes)
C1 CompilerThread02604   !   1       com.sun.org.apache.xerces.internal.impl.XMLDocumentFragmentScannerImpl$FragmentContentDriver::next (2277 bytes)

VM state:not at safepoint (normal execution)

VM Mutex/Monitor currently owned by a thread: None

Heap address: 0x0000000080800000, size: 2040 MB, Compressed Oops mode: 32-bit
Narrow klass base: 0x0000000000000000, Narrow klass shift: 3
Compressed class space size: 1073741824 Address: 0x0000000100000000

Heap:
 garbage-first heap   total 131072K, used 16584K [0x0000000080800000, 0x0000000080900400, 0x0000000100000000)
  region size 1024K, 10 young (10240K), 6 survivors (6144K)
 Metaspace       used 25273K, capacity 26856K, committed 27008K, reserved 1085440K
  class space    used 3133K, capacity 3443K, committed 3456K, reserved 1048576K
Heap Regions: E=young(eden), S=young(survivor), O=old, HS=humongous(starts), HC=humongous(continues), CS=collection set, F=free, A=archive, TS=gc time stamp, AC=allocation context, TAMS=top-at-mark-start (previous, next)
|   0|0x0000000080800000, 0x0000000080800000, 0x0000000080900000|  0%| F|  |TS  0|AC  0|TAMS 0x0000000080800000, 0x0000000080800000|
|   1|0x0000000080900000, 0x0000000080a00000, 0x0000000080a00000|100%| O|  |TS  0|AC  0|TAMS 0x0000000080a00000, 0x0000000080a00000|
|   2|0x0000000080a00000, 0x0000000080b00000, 0x0000000080b00000|100%| O|  |TS  0|AC  0|TAMS 0x0000000080b00000, 0x0000000080b00000|
|   3|0x0000000080b00000, 0x0000000080c00000, 0x0000000080c00000|100%| O|  |TS  0|AC  0|TAMS 0x0000000080c00000, 0x0000000080c00000|
|   4|0x0000000080c00000, 0x0000000080d00000, 0x0000000080d00000|100%| O|  |TS  0|AC  0|TAMS 0x0000000080d00000, 0x0000000080d00000|
|   5|0x0000000080d00000, 0x0000000080e00000, 0x0000000080e00000|100%| O|  |TS  0|AC  0|TAMS 0x0000000080e00000, 0x0000000080e00000|
|   6|0x0000000080e00000, 0x0000000080f00000, 0x0000000080f00000|100%| O|  |TS  0|AC  0|TAMS 0x0000000080f00000, 0x0000000080f00000|
|   7|0x0000000080f00000, 0x0000000081000000, 0x0000000081000000|100%| O|  |TS  0|AC  0|TAMS 0x0000000081000000, 0x0000000081000000|
|   8|0x0000000081000000, 0x00000000810ffa00, 0x0000000081100000| 99%| O|  |TS  0|AC  0|TAMS 0x00000000810ffa00, 0x00000000810ffa00|
|   9|0x0000000081100000, 0x0000000081100000, 0x0000000081200000|  0%| F|  |TS  0|AC  0|TAMS 0x0000000081100000, 0x0000000081100000|
|  10|0x0000000081200000, 0x0000000081200000, 0x0000000081300000|  0%| F|  |TS  0|AC  0|TAMS 0x0000000081200000, 0x0000000081200000|
|  11|0x0000000081300000, 0x0000000081300000, 0x0000000081400000|  0%| F|  |TS  0|AC  0|TAMS 0x0000000081300000, 0x0000000081300000|
|  12|0x0000000081400000, 0x0000000081400000, 0x0000000081500000|  0%| F|  |TS  0|AC  0|TAMS 0x0000000081400000, 0x0000000081400000|
|  13|0x0000000081500000, 0x0000000081500000, 0x0000000081600000|  0%| F|  |TS  0|AC  0|TAMS 0x0000000081500000, 0x0000000081500000|
|  14|0x0000000081600000, 0x0000000081600000, 0x0000000081700000|  0%| F|  |TS  0|AC  0|TAMS 0x0000000081600000, 0x0000000081600000|
|  15|0x0000000081700000, 0x0000000081700000, 0x0000000081800000|  0%| F|  |TS  0|AC  0|TAMS 0x0000000081700000, 0x0000000081700000|
|  16|0x0000000081800000, 0x0000000081800000, 0x0000000081900000|  0%| F|  |TS  0|AC  0|TAMS 0x0000000081800000, 0x0000000081800000|
|  17|0x0000000081900000, 0x0000000081900000, 0x0000000081a00000|  0%| F|  |TS  0|AC  0|TAMS 0x0000000081900000, 0x0000000081900000|
|  18|0x0000000081a00000, 0x0000000081a00000, 0x0000000081b00000|  0%| F|  |TS  0|AC  0|TAMS 0x0000000081a00000, 0x0000000081a00000|
|  19|0x0000000081b00000, 0x0000000081b00000, 0x0000000081c00000|  0%| F|  |TS  0|AC  0|TAMS 0x0000000081b00000, 0x0000000081b00000|
|  20|0x0000000081c00000, 0x0000000081c00000, 0x0000000081d00000|  0%| F|  |TS  0|AC  0|TAMS 0x0000000081c00000, 0x0000000081c00000|
|  21|0x0000000081d00000, 0x0000000081d00000, 0x0000000081e00000|  0%| F|  |TS  0|AC  0|TAMS 0x0000000081d00000, 0x0000000081d00000|
|  22|0x0000000081e00000, 0x0000000081e00000, 0x0000000081f00000|  0%| F|  |TS  0|AC  0|TAMS 0x0000000081e00000, 0x0000000081e00000|
|  23|0x0000000081f00000, 0x0000000081f00000, 0x0000000082000000|  0%| F|  |TS  0|AC  0|TAMS 0x0000000081f00000, 0x0000000081f00000|
|  24|0x0000000082000000, 0x0000000082000000, 0x0000000082100000|  0%| F|  |TS  0|AC  0|TAMS 0x0000000082000000, 0x0000000082000000|
|  25|0x0000000082100000, 0x0000000082100000, 0x0000000082200000|  0%| F|  |TS  0|AC  0|TAMS 0x0000000082100000, 0x0000000082100000|
|  26|0x0000000082200000, 0x0000000082200000, 0x0000000082300000|  0%| F|  |TS  0|AC  0|TAMS 0x0000000082200000, 0x0000000082200000|
|  27|0x0000000082300000, 0x0000000082300000, 0x0000000082400000|  0%| F|  |TS  0|AC  0|TAMS 0x0000000082300000, 0x0000000082300000|
|  28|0x0000000082400000, 0x0000000082400000, 0x0000000082500000|  0%| F|  |TS  0|AC  0|TAMS 0x0000000082400000, 0x0000000082400000|
|  29|0x0000000082500000, 0x0000000082500000, 0x0000000082600000|  0%| F|  |TS  0|AC  0|TAMS 0x0000000082500000, 0x0000000082500000|
|  30|0x0000000082600000, 0x0000000082600000, 0x0000000082700000|  0%| F|  |TS  0|AC  0|TAMS 0x0000000082600000, 0x0000000082600000|
|  31|0x0000000082700000, 0x0000000082700000, 0x0000000082800000|  0%| F|  |TS  0|AC  0|TAMS 0x0000000082700000, 0x0000000082700000|
|  32|0x0000000082800000, 0x0000000082800000, 0x0000000082900000|  0%| F|  |TS  0|AC  0|TAMS 0x0000000082800000, 0x0000000082800000|
|  33|0x0000000082900000, 0x0000000082900000, 0x0000000082a00000|  0%| F|  |TS  0|AC  0|TAMS 0x0000000082900000, 0x0000000082900000|
|  34|0x0000000082a00000, 0x0000000082a00000, 0x0000000082b00000|  0%| F|  |TS  0|AC  0|TAMS 0x0000000082a00000, 0x0000000082a00000|
|  35|0x0000000082b00000, 0x0000000082b00000, 0x0000000082c00000|  0%| F|  |TS  0|AC  0|TAMS 0x0000000082b00000, 0x0000000082b00000|
|  36|0x0000000082c00000, 0x0000000082c00000, 0x0000000082d00000|  0%| F|  |TS  0|AC  0|TAMS 0x0000000082c00000, 0x0000000082c00000|
|  37|0x0000000082d00000, 0x0000000082d00000, 0x0000000082e00000|  0%| F|  |TS  0|AC  0|TAMS 0x0000000082d00000, 0x0000000082d00000|
|  38|0x0000000082e00000, 0x0000000082e00000, 0x0000000082f00000|  0%| F|  |TS  0|AC  0|TAMS 0x0000000082e00000, 0x0000000082e00000|
|  39|0x0000000082f00000, 0x0000000082f00000, 0x0000000083000000|  0%| F|  |TS  0|AC  0|TAMS 0x0000000082f00000, 0x0000000082f00000|
|  40|0x0000000083000000, 0x0000000083000000, 0x0000000083100000|  0%| F|  |TS  0|AC  0|TAMS 0x0000000083000000, 0x0000000083000000|
|  41|0x0000000083100000, 0x0000000083100000, 0x0000000083200000|  0%| F|  |TS  0|AC  0|TAMS 0x0000000083100000, 0x0000000083100000|
|  42|0x0000000083200000, 0x0000000083200000, 0x0000000083300000|  0%| F|  |TS  0|AC  0|TAMS 0x0000000083200000, 0x0000000083200000|
|  43|0x0000000083300000, 0x0000000083300000, 0x0000000083400000|  0%| F|  |TS  0|AC  0|TAMS 0x0000000083300000, 0x0000000083300000|
|  44|0x0000000083400000, 0x0000000083400000, 0x0000000083500000|  0%| F|  |TS  0|AC  0|TAMS 0x0000000083400000, 0x0000000083400000|
|  45|0x0000000083500000, 0x0000000083500000, 0x0000000083600000|  0%| F|  |TS  0|AC  0|TAMS 0x0000000083500000, 0x0000000083500000|
|  46|0x0000000083600000, 0x0000000083600000, 0x0000000083700000|  0%| F|  |TS  0|AC  0|TAMS 0x0000000083600000, 0x0000000083600000|
|  47|0x0000000083700000, 0x0000000083700000, 0x0000000083800000|  0%| F|  |TS  0|AC  0|TAMS 0x0000000083700000, 0x0000000083700000|
|  48|0x0000000083800000, 0x0000000083800000, 0x0000000083900000|  0%| F|  |TS  0|AC  0|TAMS 0x0000000083800000, 0x0000000083800000|
|  49|0x0000000083900000, 0x0000000083900000, 0x0000000083a00000|  0%| F|  |TS  0|AC  0|TAMS 0x0000000083900000, 0x0000000083900000|
|  50|0x0000000083a00000, 0x0000000083a00000, 0x0000000083b00000|  0%| F|  |TS  0|AC  0|TAMS 0x0000000083a00000, 0x0000000083a00000|
|  51|0x0000000083b00000, 0x0000000083b00000, 0x0000000083c00000|  0%| F|  |TS  0|AC  0|TAMS 0x0000000083b00000, 0x0000000083b00000|
|  52|0x0000000083c00000, 0x0000000083c00000, 0x0000000083d00000|  0%| F|  |TS  0|AC  0|TAMS 0x0000000083c00000, 0x0000000083c00000|
|  53|0x0000000083d00000, 0x0000000083d00000, 0x0000000083e00000|  0%| F|  |TS  0|AC  0|TAMS 0x0000000083d00000, 0x0000000083d00000|
|  54|0x0000000083e00000, 0x0000000083e00000, 0x0000000083f00000|  0%| F|  |TS  0|AC  0|TAMS 0x0000000083e00000, 0x0000000083e00000|
|  55|0x0000000083f00000, 0x0000000083f00000, 0x0000000084000000|  0%| F|  |TS  0|AC  0|TAMS 0x0000000083f00000, 0x0000000083f00000|
|  56|0x0000000084000000, 0x0000000084000000, 0x0000000084100000|  0%| F|  |TS  0|AC  0|TAMS 0x0000000084000000, 0x0000000084000000|
|  57|0x0000000084100000, 0x0000000084100000, 0x0000000084200000|  0%| F|  |TS  0|AC  0|TAMS 0x0000000084100000, 0x0000000084100000|
|  58|0x0000000084200000, 0x0000000084200000, 0x0000000084300000|  0%| F|  |TS  0|AC  0|TAMS 0x0000000084200000, 0x0000000084200000|
|  59|0x0000000084300000, 0x0000000084300000, 0x0000000084400000|  0%| F|  |TS  0|AC  0|TAMS 0x0000000084300000, 0x0000000084300000|
|  60|0x0000000084400000, 0x0000000084400000, 0x0000000084500000|  0%| F|  |TS  0|AC  0|TAMS 0x0000000084400000, 0x0000000084400000|
|  61|0x0000000084500000, 0x0000000084500000, 0x0000000084600000|  0%| F|  |TS  0|AC  0|TAMS 0x0000000084500000, 0x0000000084500000|
|  62|0x0000000084600000, 0x0000000084600000, 0x0000000084700000|  0%| F|  |TS  0|AC  0|TAMS 0x0000000084600000, 0x0000000084600000|
|  63|0x0000000084700000, 0x0000000084700000, 0x0000000084800000|  0%| F|  |TS  0|AC  0|TAMS 0x0000000084700000, 0x0000000084700000|
|  64|0x0000000084800000, 0x0000000084800000, 0x0000000084900000|  0%| F|  |TS  0|AC  0|TAMS 0x0000000084800000, 0x0000000084800000|
|  65|0x0000000084900000, 0x0000000084900000, 0x0000000084a00000|  0%| F|  |TS  0|AC  0|TAMS 0x0000000084900000, 0x0000000084900000|
|  66|0x0000000084a00000, 0x0000000084a00000, 0x0000000084b00000|  0%| F|  |TS  0|AC  0|TAMS 0x0000000084a00000, 0x0000000084a00000|
|  67|0x0000000084b00000, 0x0000000084b00000, 0x0000000084c00000|  0%| F|  |TS  0|AC  0|TAMS 0x0000000084b00000, 0x0000000084b00000|
|  68|0x0000000084c00000, 0x0000000084c00000, 0x0000000084d00000|  0%| F|  |TS  0|AC  0|TAMS 0x0000000084c00000, 0x0000000084c00000|
|  69|0x0000000084d00000, 0x0000000084d00000, 0x0000000084e00000|  0%| F|  |TS  0|AC  0|TAMS 0x0000000084d00000, 0x0000000084d00000|
|  70|0x0000000084e00000, 0x0000000084e00000, 0x0000000084f00000|  0%| F|  |TS  0|AC  0|TAMS 0x0000000084e00000, 0x0000000084e00000|
|  71|0x0000000084f00000, 0x0000000084f00000, 0x0000000085000000|  0%| F|  |TS  0|AC  0|TAMS 0x0000000084f00000, 0x0000000084f00000|
|  72|0x0000000085000000, 0x0000000085000000, 0x0000000085100000|  0%| F|  |TS  0|AC  0|TAMS 0x0000000085000000, 0x0000000085000000|
|  73|0x0000000085100000, 0x0000000085100000, 0x0000000085200000|  0%| F|  |TS  0|AC  0|TAMS 0x0000000085100000, 0x0000000085100000|
|  74|0x0000000085200000, 0x0000000085200000, 0x0000000085300000|  0%| F|  |TS  0|AC  0|TAMS 0x0000000085200000, 0x0000000085200000|
|  75|0x0000000085300000, 0x0000000085300000, 0x0000000085400000|  0%| F|  |TS  0|AC  0|TAMS 0x0000000085300000, 0x0000000085300000|
|  76|0x0000000085400000, 0x0000000085400000, 0x0000000085500000|  0%| F|  |TS  0|AC  0|TAMS 0x0000000085400000, 0x0000000085400000|
|  77|0x0000000085500000, 0x0000000085500000, 0x0000000085600000|  0%| F|  |TS  0|AC  0|TAMS 0x0000000085500000, 0x0000000085500000|
|  78|0x0000000085600000, 0x0000000085600000, 0x0000000085700000|  0%| F|  |TS  0|AC  0|TAMS 0x0000000085600000, 0x0000000085600000|
|  79|0x0000000085700000, 0x0000000085700000, 0x0000000085800000|  0%| F|  |TS  0|AC  0|TAMS 0x0000000085700000, 0x0000000085700000|
|  80|0x0000000085800000, 0x0000000085800000, 0x0000000085900000|  0%| F|  |TS  0|AC  0|TAMS 0x0000000085800000, 0x0000000085800000|
|  81|0x0000000085900000, 0x0000000085900000, 0x0000000085a00000|  0%| F|  |TS  0|AC  0|TAMS 0x0000000085900000, 0x0000000085900000|
|  82|0x0000000085a00000, 0x0000000085a00000, 0x0000000085b00000|  0%| F|  |TS  0|AC  0|TAMS 0x0000000085a00000, 0x0000000085a00000|
|  83|0x0000000085b00000, 0x0000000085b00000, 0x0000000085c00000|  0%| F|  |TS  0|AC  0|TAMS 0x0000000085b00000, 0x0000000085b00000|
|  84|0x0000000085c00000, 0x0000000085c00000, 0x0000000085d00000|  0%| F|  |TS  0|AC  0|TAMS 0x0000000085c00000, 0x0000000085c00000|
|  85|0x0000000085d00000, 0x0000000085d00000, 0x0000000085e00000|  0%| F|  |TS  0|AC  0|TAMS 0x0000000085d00000, 0x0000000085d00000|
|  86|0x0000000085e00000, 0x0000000085e00000, 0x0000000085f00000|  0%| F|  |TS  0|AC  0|TAMS 0x0000000085e00000, 0x0000000085e00000|
|  87|0x0000000085f00000, 0x0000000085f00000, 0x0000000086000000|  0%| F|  |TS  0|AC  0|TAMS 0x0000000085f00000, 0x0000000085f00000|
|  88|0x0000000086000000, 0x0000000086000000, 0x0000000086100000|  0%| F|  |TS  0|AC  0|TAMS 0x0000000086000000, 0x0000000086000000|
|  89|0x0000000086100000, 0x0000000086100000, 0x0000000086200000|  0%| F|  |TS  0|AC  0|TAMS 0x0000000086100000, 0x0000000086100000|
|  90|0x0000000086200000, 0x0000000086200000, 0x0000000086300000|  0%| F|  |TS  0|AC  0|TAMS 0x0000000086200000, 0x0000000086200000|
|  91|0x0000000086300000, 0x0000000086300000, 0x0000000086400000|  0%| F|  |TS  0|AC  0|TAMS 0x0000000086300000, 0x0000000086300000|
|  92|0x0000000086400000, 0x0000000086400000, 0x0000000086500000|  0%| F|  |TS  0|AC  0|TAMS 0x0000000086400000, 0x0000000086400000|
|  93|0x0000000086500000, 0x0000000086500000, 0x0000000086600000|  0%| F|  |TS  0|AC  0|TAMS 0x0000000086500000, 0x0000000086500000|
|  94|0x0000000086600000, 0x0000000086632608, 0x0000000086700000| 19%| S|CS|TS  0|AC  0|TAMS 0x0000000086600000, 0x0000000086600000|
|  95|0x0000000086700000, 0x0000000086800000, 0x0000000086800000|100%| S|CS|TS  0|AC  0|TAMS 0x0000000086700000, 0x0000000086700000|
|  96|0x0000000086800000, 0x0000000086900000, 0x0000000086900000|100%| S|CS|TS  0|AC  0|TAMS 0x0000000086800000, 0x0000000086800000|
|  97|0x0000000086900000, 0x0000000086a00000, 0x0000000086a00000|100%| S|CS|TS  0|AC  0|TAMS 0x0000000086900000, 0x0000000086900000|
|  98|0x0000000086a00000, 0x0000000086b00000, 0x0000000086b00000|100%| S|CS|TS  0|AC  0|TAMS 0x0000000086a00000, 0x0000000086a00000|
|  99|0x0000000086b00000, 0x0000000086c00000, 0x0000000086c00000|100%| S|CS|TS  0|AC  0|TAMS 0x0000000086b00000, 0x0000000086b00000|
| 100|0x0000000086c00000, 0x0000000086c00000, 0x0000000086d00000|  0%| F|  |TS  0|AC  0|TAMS 0x0000000086c00000, 0x0000000086c00000|
| 101|0x0000000086d00000, 0x0000000086d00000, 0x0000000086e00000|  0%| F|  |TS  0|AC  0|TAMS 0x0000000086d00000, 0x0000000086d00000|
| 102|0x0000000086e00000, 0x0000000086e00000, 0x0000000086f00000|  0%| F|  |TS  0|AC  0|TAMS 0x0000000086e00000, 0x0000000086e00000|
| 103|0x0000000086f00000, 0x0000000086f00000, 0x0000000087000000|  0%| F|  |TS  0|AC  0|TAMS 0x0000000086f00000, 0x0000000086f00000|
| 104|0x0000000087000000, 0x0000000087000000, 0x0000000087100000|  0%| F|  |TS  0|AC  0|TAMS 0x0000000087000000, 0x0000000087000000|
| 105|0x0000000087100000, 0x0000000087100000, 0x0000000087200000|  0%| F|  |TS  0|AC  0|TAMS 0x0000000087100000, 0x0000000087100000|
| 106|0x0000000087200000, 0x0000000087200000, 0x0000000087300000|  0%| F|  |TS  0|AC  0|TAMS 0x0000000087200000, 0x0000000087200000|
| 107|0x0000000087300000, 0x0000000087300000, 0x0000000087400000|  0%| F|  |TS  0|AC  0|TAMS 0x0000000087300000, 0x0000000087300000|
| 108|0x0000000087400000, 0x0000000087400000, 0x0000000087500000|  0%| F|  |TS  0|AC  0|TAMS 0x0000000087400000, 0x0000000087400000|
| 109|0x0000000087500000, 0x0000000087500000, 0x0000000087600000|  0%| F|  |TS  0|AC  0|TAMS 0x0000000087500000, 0x0000000087500000|
| 110|0x0000000087600000, 0x0000000087600000, 0x0000000087700000|  0%| F|  |TS  0|AC  0|TAMS 0x0000000087600000, 0x0000000087600000|
| 111|0x0000000087700000, 0x0000000087700000, 0x0000000087800000|  0%| F|  |TS  0|AC  0|TAMS 0x0000000087700000, 0x0000000087700000|
| 112|0x0000000087800000, 0x0000000087800000, 0x0000000087900000|  0%| F|  |TS  0|AC  0|TAMS 0x0000000087800000, 0x0000000087800000|
| 113|0x0000000087900000, 0x0000000087900000, 0x0000000087a00000|  0%| F|  |TS  0|AC  0|TAMS 0x0000000087900000, 0x0000000087900000|
| 114|0x0000000087a00000, 0x0000000087a00000, 0x0000000087b00000|  0%| F|  |TS  0|AC  0|TAMS 0x0000000087a00000, 0x0000000087a00000|
| 115|0x0000000087b00000, 0x0000000087b00000, 0x0000000087c00000|  0%| F|  |TS  0|AC  0|TAMS 0x0000000087b00000, 0x0000000087b00000|
| 116|0x0000000087c00000, 0x0000000087c00000, 0x0000000087d00000|  0%| F|  |TS  0|AC  0|TAMS 0x0000000087c00000, 0x0000000087c00000|
| 117|0x0000000087d00000, 0x0000000087d00000, 0x0000000087e00000|  0%| F|  |TS  0|AC  0|TAMS 0x0000000087d00000, 0x0000000087d00000|
| 118|0x0000000087e00000, 0x0000000087e00000, 0x0000000087f00000|  0%| F|  |TS  0|AC  0|TAMS 0x0000000087e00000, 0x0000000087e00000|
| 119|0x0000000087f00000, 0x0000000087f00000, 0x0000000088000000|  0%| F|  |TS  0|AC  0|TAMS 0x0000000087f00000, 0x0000000087f00000|
| 120|0x0000000088000000, 0x0000000088000000, 0x0000000088100000|  0%| F|  |TS  0|AC  0|TAMS 0x0000000088000000, 0x0000000088000000|
| 121|0x0000000088100000, 0x0000000088100000, 0x0000000088200000|  0%| F|  |TS  0|AC  0|TAMS 0x0000000088100000, 0x0000000088100000|
| 122|0x0000000088200000, 0x0000000088200000, 0x0000000088300000|  0%| F|  |TS  0|AC  0|TAMS 0x0000000088200000, 0x0000000088200000|
| 123|0x0000000088300000, 0x0000000088300000, 0x0000000088400000|  0%| F|  |TS  0|AC  0|TAMS 0x0000000088300000, 0x0000000088300000|
| 124|0x0000000088400000, 0x00000000884f83a8, 0x0000000088500000| 96%| E|  |TS  0|AC  0|TAMS 0x0000000088400000, 0x0000000088400000|
| 125|0x0000000088500000, 0x0000000088600000, 0x0000000088600000|100%| E|CS|TS  0|AC  0|TAMS 0x0000000088500000, 0x0000000088500000|
| 126|0x0000000088600000, 0x0000000088700000, 0x0000000088700000|100%| E|CS|TS  0|AC  0|TAMS 0x0000000088600000, 0x0000000088600000|
| 127|0x0000000088700000, 0x0000000088800000, 0x0000000088800000|100%| E|CS|TS  0|AC  0|TAMS 0x0000000088700000, 0x0000000088700000|

Card table byte_map: [0x000001bd9bc20000,0x000001bd9c020000] byte_map_base: 0x000001bd9b81c000

Marking Bits (Prev, Next): (CMBitMap*) 0x000001bdffcca390, (CMBitMap*) 0x000001bdffcca3c8
 Prev Bits: [0x000001bd9c420000, 0x000001bd9e400000)
 Next Bits: [0x000001bd9e400000, 0x000001bda03e0000)

Polling page: 0x000001bdffbd0000

CodeHeap 'non-profiled nmethods': size=238912Kb used=4024Kb max_used=4024Kb free=234887Kb
 bounds [0x000001bd8c290000, 0x000001bd8c680000, 0x000001bd9abe0000]
CodeHeap 'non-nmethods': size=6848Kb used=2425Kb max_used=2425Kb free=4422Kb
 bounds [0x000001bd8bbe0000, 0x000001bd8be50000, 0x000001bd8c290000]
 total_blobs=3138 nmethods=2635 adapters=413
 compilation: enabled

Compilation events (10 events):
Event: 2.566 Thread 0x000001bda34c1000 2566       1       sun.nio.fs.WindowsPath::resolve (6 bytes)
Event: 2.566 Thread 0x000001bda3499000 2567       1       sun.nio.fs.WindowsPath::resolve (393 bytes)
Event: 2.566 Thread 0x000001bda34c1000 nmethod 2566 0x000001bd8c63c810 code [0x000001bd8c63c9c0, 0x000001bd8c63caf0]
Event: 2.566 Thread 0x000001bda34c1000 2571       1       com.sun.org.apache.xerces.internal.util.SymbolTable::hash (53 bytes)
Event: 2.566 Thread 0x000001bda34c1000 nmethod 2571 0x000001bd8c63cb90 code [0x000001bd8c63cd40, 0x000001bd8c63cef0]
Event: 2.566 Thread 0x000001bda34c1000 2570       1       com.sun.org.apache.xerces.internal.util.SymbolTable::addSymbol (110 bytes)
Event: 2.567 Thread 0x000001bda34c1000 nmethod 2570 0x000001bd8c63d010 code [0x000001bd8c63d1e0, 0x000001bd8c63d480]
Event: 2.567 Thread 0x000001bda34c1000 2568       1       com.sun.org.apache.xerces.internal.impl.XMLEntityScanner::scanName (305 bytes)
Event: 2.568 Thread 0x000001bda34c1000 nmethod 2568 0x000001bd8c63d690 code [0x000001bd8c63d8e0, 0x000001bd8c63de90]
Event: 2.568 Thread 0x000001bda34c1000 2569       1       com.sun.org.apache.xerces.internal.impl.XMLEntityScanner::checkLimit (253 bytes)

GC Heap History (6 events):
Event: 0.636 GC heap before
{Heap before GC invocations=0 (full 0):
 garbage-first heap   total 131072K, used 22528K [0x0000000080800000, 0x0000000080900400, 0x0000000100000000)
  region size 1024K, 22 young (22528K), 0 survivors (0K)
 Metaspace       used 6182K, capacity 6358K, committed 6656K, reserved 1056768K
  class space    used 599K, capacity 651K, committed 768K, reserved 1048576K
}
Event: 0.642 GC heap after
{Heap after GC invocations=1 (full 0):
 garbage-first heap   total 131072K, used 1848K [0x0000000080800000, 0x0000000080900400, 0x0000000100000000)
  region size 1024K, 2 young (2048K), 2 survivors (2048K)
 Metaspace       used 6182K, capacity 6358K, committed 6656K, reserved 1056768K
  class space    used 599K, capacity 651K, committed 768K, reserved 1048576K
}
Event: 2.115 GC heap before
{Heap before GC invocations=1 (full 0):
 garbage-first heap   total 131072K, used 66360K [0x0000000080800000, 0x0000000080900400, 0x0000000100000000)
  region size 1024K, 66 young (67584K), 2 survivors (2048K)
 Metaspace       used 19891K, capacity 21122K, committed 21248K, reserved 1067008K
  class space    used 2461K, capacity 2707K, committed 2816K, reserved 1048576K
}
Event: 2.139 GC heap after
{Heap after GC invocations=2 (full 0):
 garbage-first heap   total 131072K, used 12184K [0x0000000080800000, 0x0000000080900400, 0x0000000100000000)
  region size 1024K, 10 young (10240K), 10 survivors (10240K)
 Metaspace       used 19891K, capacity 21122K, committed 21248K, reserved 1067008K
  class space    used 2461K, capacity 2707K, committed 2816K, reserved 1048576K
}
Event: 2.483 GC heap before
{Heap before GC invocations=3 (full 0):
 garbage-first heap   total 131072K, used 39832K [0x0000000080800000, 0x0000000080900400, 0x0000000100000000)
  region size 1024K, 38 young (38912K), 10 survivors (10240K)
 Metaspace       used 24969K, capacity 26458K, committed 26496K, reserved 1085440K
  class space    used 3093K, capacity 3430K, committed 3456K, reserved 1048576K
}
Event: 2.506 GC heap after
{Heap after GC invocations=4 (full 0):
 garbage-first heap   total 131072K, used 14536K [0x0000000080800000, 0x0000000080900400, 0x0000000100000000)
  region size 1024K, 6 young (6144K), 6 survivors (6144K)
 Metaspace       used 24969K, capacity 26458K, committed 26496K, reserved 1085440K
  class space    used 3093K, capacity 3430K, committed 3456K, reserved 1048576K
}

Deoptimization events (0 events):
No events

Classes redefined (0 events):
No events

Internal exceptions (10 events):
Event: 2.411 Thread 0x000001bda3f44000 Exception <a 'sun/nio/fs/WindowsException'{0x00000000870d9a98}> (0x00000000870d9a98) thrown at [t:/workspace/hotspot/src/share/vm/prims/jni.cpp, line 604]
Event: 2.411 Thread 0x000001bda3f44000 Exception <a 'sun/nio/fs/WindowsException'{0x00000000870db418}> (0x00000000870db418) thrown at [t:/workspace/hotspot/src/share/vm/prims/jni.cpp, line 604]
Event: 2.412 Thread 0x000001bda3f44000 Exception <a 'sun/nio/fs/WindowsException'{0x00000000870dcc50}> (0x00000000870dcc50) thrown at [t:/workspace/hotspot/src/share/vm/prims/jni.cpp, line 604]
Event: 2.412 Thread 0x000001bda3f44000 Exception <a 'sun/nio/fs/WindowsException'{0x0000000086f09e18}> (0x0000000086f09e18) thrown at [t:/workspace/hotspot/src/share/vm/prims/jni.cpp, line 604]
Event: 2.412 Thread 0x000001bda3f44000 Exception <a 'sun/nio/fs/WindowsException'{0x0000000086f0a560}> (0x0000000086f0a560) thrown at [t:/workspace/hotspot/src/share/vm/prims/jni.cpp, line 604]
Event: 2.432 Thread 0x000001bda3f44000 Exception <a 'sun/nio/fs/WindowsException'{0x0000000086efb320}> (0x0000000086efb320) thrown at [t:/workspace/hotspot/src/share/vm/prims/jni.cpp, line 604]
Event: 2.432 Thread 0x000001bda3f44000 Exception <a 'sun/nio/fs/WindowsException'{0x0000000086efd0c8}> (0x0000000086efd0c8) thrown at [t:/workspace/hotspot/src/share/vm/prims/jni.cpp, line 604]
Event: 2.433 Thread 0x000001bda3f44000 Exception <a 'sun/nio/fs/WindowsException'{0x0000000086efed28}> (0x0000000086efed28) thrown at [t:/workspace/hotspot/src/share/vm/prims/jni.cpp, line 604]
Event: 2.433 Thread 0x000001bda3f44000 Exception <a 'sun/nio/fs/WindowsException'{0x0000000086d01420}> (0x0000000086d01420) thrown at [t:/workspace/hotspot/src/share/vm/prims/jni.cpp, line 604]
Event: 2.433 Thread 0x000001bda3f44000 Exception <a 'sun/nio/fs/WindowsException'{0x0000000086d01d80}> (0x0000000086d01d80) thrown at [t:/workspace/hotspot/src/share/vm/prims/jni.cpp, line 604]

Events (10 events):
Event: 2.539 loading class com/sun/org/apache/xerces/internal/impl/Constants$ArrayEnumeration
Event: 2.539 loading class com/sun/org/apache/xerces/internal/impl/Constants$ArrayEnumeration done
Event: 2.540 loading class org/xml/sax/helpers/AttributesImpl
Event: 2.540 loading class org/xml/sax/helpers/AttributesImpl done
Event: 2.543 loading class javax/management/RuntimeOperationsException
Event: 2.543 loading class javax/management/JMRuntimeException
Event: 2.543 loading class javax/management/JMRuntimeException done
Event: 2.543 loading class javax/management/RuntimeOperationsException done
Event: 2.544 loading class javax/management/modelmbean/ModelMBeanNotificationBroadcaster
Event: 2.544 loading class javax/management/modelmbean/ModelMBeanNotificationBroadcaster done


Dynamic libraries:
0x00007ff609180000 - 0x00007ff6091be000 	H:\Programs\Java\jdk-9.0.4\bin\java.exe
0x00007ffbdfae0000 - 0x00007ffbdfcb2000 	C:\Windows\SYSTEM32\ntdll.dll
0x00007ffbdf980000 - 0x00007ffbdfa2c000 	C:\Windows\System32\KERNEL32.DLL
0x00007ffbdc7d0000 - 0x00007ffbdc9ed000 	C:\Windows\System32\KERNELBASE.dll
0x00007ffbdf720000 - 0x00007ffbdf7c2000 	C:\Windows\System32\ADVAPI32.dll
0x00007ffbdfa40000 - 0x00007ffbdfade000 	C:\Windows\System32\msvcrt.dll
0x00007ffbdf7d0000 - 0x00007ffbdf829000 	C:\Windows\System32\sechost.dll
0x00007ffbddcd0000 - 0x00007ffbdddf1000 	C:\Windows\System32\RPCRT4.dll
0x00007ffbddf40000 - 0x00007ffbde0a5000 	C:\Windows\System32\USER32.dll
0x00007ffbdc9f0000 - 0x00007ffbdca0e000 	C:\Windows\System32\win32u.dll
0x00007ffbdf840000 - 0x00007ffbdf874000 	C:\Windows\System32\GDI32.dll
0x00007ffbdca60000 - 0x00007ffbdcbe0000 	C:\Windows\System32\gdi32full.dll
0x00007ffbccde0000 - 0x00007ffbcd05a000 	C:\Windows\WinSxS\amd64_microsoft.windows.common-controls_6595b64144ccf1df_6.0.14393.953_none_42151e83c686086b\COMCTL32.dll
0x00007ffbdda00000 - 0x00007ffbddcc8000 	C:\Windows\System32\combase.dll
0x00007ffbdcc40000 - 0x00007ffbdcd35000 	C:\Windows\System32\ucrtbase.dll
0x00007ffbdc6c0000 - 0x00007ffbdc72a000 	C:\Windows\System32\bcryptPrimitives.dll
0x00007ffbd8100000 - 0x00007ffbd810a000 	C:\Windows\SYSTEM32\VERSION.dll
0x00007ffbddf10000 - 0x00007ffbddf3e000 	C:\Windows\System32\IMM32.DLL
0x00007ffbcdf70000 - 0x00007ffbce05f000 	H:\Programs\Java\jdk-9.0.4\bin\msvcr120.dll
0x00007ffbc62a0000 - 0x00007ffbc6346000 	H:\Programs\Java\jdk-9.0.4\bin\msvcp120.dll
0x000000006ca80000 - 0x000000006d4a5000 	H:\Programs\Java\jdk-9.0.4\bin\server\jvm.dll
0x00007ffbdf830000 - 0x00007ffbdf838000 	C:\Windows\System32\PSAPI.DLL
0x00007ffbd76e0000 - 0x00007ffbd76e9000 	C:\Windows\SYSTEM32\WSOCK32.dll
0x00007ffbdd600000 - 0x00007ffbdd66a000 	C:\Windows\System32\WS2_32.dll
0x00007ffbda3d0000 - 0x00007ffbda3f3000 	C:\Windows\SYSTEM32\WINMM.dll
0x00007ffbd9fd0000 - 0x00007ffbd9ffb000 	C:\Windows\SYSTEM32\WINMMBASE.dll
0x00007ffbdca10000 - 0x00007ffbdca52000 	C:\Windows\System32\cfgmgr32.dll
0x00007ffbd9a90000 - 0x00007ffbd9a9f000 	H:\Programs\Java\jdk-9.0.4\bin\verify.dll
0x00007ffbd72e0000 - 0x00007ffbd7307000 	H:\Programs\Java\jdk-9.0.4\bin\java.dll
0x00007ffbd56f0000 - 0x00007ffbd571a000 	H:\Programs\Java\jdk-9.0.4\bin\instrument.dll
0x00007ffbd53f0000 - 0x00007ffbd5406000 	H:\Programs\Java\jdk-9.0.4\bin\zip.dll
0x00007ffbd5be0000 - 0x00007ffbd5bea000 	H:\Programs\Java\jdk-9.0.4\bin\jimage.dll
0x00007ffbde210000 - 0x00007ffbdf719000 	C:\Windows\System32\SHELL32.dll
0x00007ffbdbfe0000 - 0x00007ffbdc6b9000 	C:\Windows\System32\windows.storage.dll
0x00007ffbdbf70000 - 0x00007ffbdbfbc000 	C:\Windows\System32\powrprof.dll
0x00007ffbdd880000 - 0x00007ffbdd8d2000 	C:\Windows\System32\shlwapi.dll
0x00007ffbdbf50000 - 0x00007ffbdbf5f000 	C:\Windows\System32\kernel.appcore.dll
0x00007ffbdcf10000 - 0x00007ffbdcfb9000 	C:\Windows\System32\shcore.dll
0x00007ffbdbfc0000 - 0x00007ffbdbfd4000 	C:\Windows\System32\profapi.dll
0x00007ffbd4010000 - 0x00007ffbd402a000 	H:\Programs\Java\jdk-9.0.4\bin\net.dll
0x00007ffbd6b70000 - 0x00007ffbd6c3d000 	C:\Windows\SYSTEM32\WINHTTP.dll
0x00007ffbdb880000 - 0x00007ffbdb8dc000 	C:\Windows\system32\mswsock.dll
0x00007ffbd3700000 - 0x00007ffbd3711000 	H:\Programs\Java\jdk-9.0.4\bin\nio.dll
0x00007ffbd0680000 - 0x00007ffbd069a000 	H:\Programs\IntelliJ IDEA 2018.2.4\bin\breakgen64.dll
0x00007ffbd5990000 - 0x00007ffbd5999000 	H:\Programs\Java\jdk-9.0.4\bin\management.dll
0x00007ffbd5910000 - 0x00007ffbd591a000 	H:\Programs\Java\jdk-9.0.4\bin\management_ext.dll
0x00007ffbd9b00000 - 0x00007ffbd9b16000 	C:\Windows\system32\napinsp.dll
0x00007ffbd7a00000 - 0x00007ffbd7a1a000 	C:\Windows\system32\pnrpnsp.dll
0x00007ffbd83b0000 - 0x00007ffbd83c8000 	C:\Windows\system32\NLAapi.dll
0x00007ffbdb640000 - 0x00007ffbdb6e1000 	C:\Windows\SYSTEM32\DNSAPI.dll
0x00007ffbdd870000 - 0x00007ffbdd878000 	C:\Windows\System32\NSI.dll
0x00007ffbdb600000 - 0x00007ffbdb638000 	C:\Windows\SYSTEM32\IPHLPAPI.DLL
0x00007ffbd9af0000 - 0x00007ffbd9afe000 	C:\Windows\System32\winrnr.dll
0x00007ffbd5a50000 - 0x00007ffbd5a5a000 	C:\Windows\System32\rasadhlp.dll
0x00007ffbd5410000 - 0x00007ffbd547a000 	C:\Windows\System32\fwpuclnt.dll
0x00007ffbdbb30000 - 0x00007ffbdbb5b000 	C:\Windows\SYSTEM32\bcrypt.dll
0x00007ffbdba20000 - 0x00007ffbdba37000 	C:\Windows\SYSTEM32\CRYPTSP.dll
0x00007ffbdb480000 - 0x00007ffbdb4b3000 	C:\Windows\system32\rsaenh.dll
0x00007ffbdb6f0000 - 0x00007ffbdb70f000 	C:\Windows\SYSTEM32\USERENV.dll
0x00007ffbdba40000 - 0x00007ffbdba4b000 	C:\Windows\SYSTEM32\CRYPTBASE.dll
0x00007ffbd7f70000 - 0x00007ffbd7f86000 	C:\Windows\SYSTEM32\dhcpcsvc6.DLL
0x00007ffbd8330000 - 0x00007ffbd834a000 	C:\Windows\SYSTEM32\dhcpcsvc.DLL
0x00007ffbd87c0000 - 0x00007ffbd8952000 	C:\Windows\SYSTEM32\dbghelp.dll

VM Arguments:
jvm_args: -XX:TieredStopAtLevel=1 -Xverify:none -Dspring.output.ansi.enabled=always -Dcom.sun.management.jmxremote -Dcom.sun.management.jmxremote.port=51229 -Dcom.sun.management.jmxremote.authenticate=false -Dcom.sun.management.jmxremote.ssl=false -Djava.rmi.server.hostname=localhost -Dspring.liveBeansView.mbeanDomain -Dspring.application.admin.enabled=true -javaagent:H:\Programs\IntelliJ IDEA 2018.2.4\lib\idea_rt.jar=51230:H:\Programs\IntelliJ IDEA 2018.2.4\bin -Dfile.encoding=UTF-8 --module-path=C:\Users\PawelJastrzebski\Desktop\Chat\back-end\AppUpdate\SpringChat\springChat\target\classes;C:\Users\PawelJastrzebski\Desktop\Chat\back-end\AppUpdate\SpringChat\authenticateService\target\classes;C:\Users\PawelJastrzebski\Desktop\Chat\back-end\AppUpdate\SpringChat\userRepository\target\classes;C:\Users\PawelJastrzebski\.m2\repository\org\springframework\spring-core\5.0.9.RELEASE\spring-core-5.0.9.RELEASE.jar;C:\Users\PawelJastrzebski\.m2\repository\org\springframework\spring-jcl\5.0.9.RELEASE\spring-jcl-5.0.9.RELEASE.jar;C:\Users\PawelJastrzebski\.m2\repository\org\springframework\boot\spring-boot-starter-web\2.0.5.RELEASE\spring-boot-starter-web-2.0.5.RELEASE.jar;C:\Users\PawelJastrzebski\.m2\repository\org\springframework\boot\spring-boot-starter\2.0.5.RELEASE\spring-boot-starter-2.0.5.RELEASE.jar;C:\Users\PawelJastrzebski\.m2\repository\org\springframework\boot\spring-boot\2.0.5.RELEASE\spring-boot-2.0.5.RELEASE.jar;C:\Users\PawelJastrzebski\.m2\repository\org\springframework\boot\spring-boot-autoconfigure\2.0.5.RELEASE\spring-boot-autoconfigure-2.0.5.RELEASE.jar;C:\Users\PawelJastrzebski\.m2\repository\org\springframework\boot\spring-boot-starter-logging\2.0.5.RELEASE\spring-boot-starter-logging-2.0.5.RELEASE.jar;C:\Users\PawelJastrzebski\.m2\repository\ch\qos\logback\logback-classic\1.2.3\logback-classic-1.2.3.jar;C:\Users\PawelJastrzebski\.m2\repository\ch\qos\logback\logback-core\1.2.3\logback-core-1.2.3.jar;C:\Users\PawelJastrzebski\.m2\repository\org\apache\logging\log4j\log4j-to-slf4j\2.10.0\log4j-to-slf4j-2.10.0.jar;C:\Users\PawelJastrzebski\.m2\repository\org\slf4j\jul-to-slf4j\1.7.25\jul-to-slf4j-1.7.25.jar;C:\Users\PawelJastrzebski\.m2\repository\javax\annotation\javax.annotation-api\1.3.2\javax.annotation-api-1.3.2.jar;C:\Users\PawelJastrzebski\.m2\repository\org\yaml\snakeyaml\1.19\snakeyaml-1.19.jar;C:\Users\PawelJastrzebski\.m2\repository\org\springframework\boot\spring-boot-starter-json\2.0.5.RELEASE\spring-boot-starter-json-2.0.-Djdk.module.main=chat 
java_command: chat/com.springChat.ChatApplication
java_class_path (initial): <not set>
Launcher Type: SUN_STANDARD

Logging:
Log output configuration:
#0: stdout all=warning uptime,level,tags
#1: stderr all=off uptime,level,tags

Environment Variables:
JAVA_HOME=H:\Programs\Java\jdk-9.0.4\
PATH=C:\Windows\system32;C:\Windows;C:\Windows\System32\Wbem;C:\Windows\System32\WindowsPowerShell\v1.0\;H:\Programs\Brackets\command;H:\Programs\PuTTY\;H:\Programs\node\;H:\Programs\Git\cmd;C:\Users\PawelJastrzebski\AppData\Local\Microsoft\WindowsApps;H:\Programs\Microsoft VS Code\bin;C:\Users\PawelJastrzebski\AppData\Roaming\npm;H:\Programs\MongoDB\bin;H:\Programs\Java\mvn-3.5.4\bin
USERNAME=PawelJastrzebski
OS=Windows_NT
PROCESSOR_IDENTIFIER=AMD64 Family 21 Model 1 Stepping 2, AuthenticAMD



---------------  S Y S T E M  ---------------

OS: Windows 10 , 64 bit Build 14393 (10.0.14393.2189)

CPU:total 6 (initial active 6) (6 cores per cpu, 1 threads per core) family 21 model 1 stepping 2, cmov, cx8, fxsr, mmx, sse, sse2, sse3, ssse3, sse4.1, sse4.2, popcnt, avx, aes, clmul, mmxext, 3dnowpref, lzcnt, sse4a, tsc, tscinvbit, tscinv

Memory: 4k page, physical 8351788k(2191192k free), swap 9400364k(77860k free)

vm_info: Java HotSpot(TM) 64-Bit Server VM (9.0.4+11) for windows-amd64 JRE (9.0.4+11), built on Dec 20 2017 02:18:54 by "mach5one" with MS VC++ 12.0 (VS2013)

END.
